[2026-01-13T00:52:08Z] openalex query 'Erdos Problem #379' ok (5 results)
[2026-01-13T00:52:09Z] crossref query 'Erdos Problem #379' ok (5 results)
[2026-01-13T00:52:10Z] arxiv query 'Erdos Problem #379' ok (5 results)
[2026-01-13T00:52:10Z] zbmath query 'Erdos Problem #379' ok (5 results)
[2026-01-13T00:52:10Z] semantic_scholar skipped (missing API key)
[2026-01-13T00:52:11Z] openalex query 'binomial coefficient denote depending divisible integer' ok (5 results)
[2026-01-13T00:52:12Z] crossref query 'binomial coefficient denote depending divisible integer' ok (5 results)
[2026-01-13T00:52:12Z] arxiv query 'binomial coefficient denote depending divisible integer' ok (5 results)
[2026-01-13T00:52:13Z] zbmath query 'binomial coefficient denote depending divisible integer' failed: HTTP Error 404: Not Found
[2026-01-13T00:52:13Z] semantic_scholar skipped (missing API key)
[2026-01-13T00:52:13Z] openalex query 'Erdos problem 379' ok (5 results)
[2026-01-13T00:52:14Z] crossref query 'Erdos problem 379' ok (5 results)
[2026-01-13T00:52:15Z] arxiv query 'Erdos problem 379' ok (5 results)
[2026-01-13T00:52:16Z] zbmath query 'Erdos problem 379' ok (5 results)
[2026-01-13T00:52:16Z] semantic_scholar skipped (missing API key)
[2026-01-13T00:53:17Z] openalex query 'Erdos Problem #379' ok (5 results)
[2026-01-13T00:53:17Z] crossref query 'Erdos Problem #379' ok (5 results)
[2026-01-13T00:53:17Z] arxiv query 'Erdos Problem #379' ok (5 results)
[2026-01-13T00:53:17Z] zbmath query 'Erdos Problem #379' ok (5 results)
[2026-01-13T00:53:17Z] semantic_scholar skipped (missing API key)
[2026-01-13T00:53:17Z] openalex query 'binomial coefficient denote depending divisible integer' ok (5 results)
[2026-01-13T00:53:17Z] crossref query 'binomial coefficient denote depending divisible integer' ok (5 results)
[2026-01-13T00:53:17Z] arxiv query 'binomial coefficient denote depending divisible integer' ok (5 results)
[2026-01-13T00:53:18Z] zbmath query 'binomial coefficient denote depending divisible integer' failed: HTTP Error 404: Not Found
[2026-01-13T00:53:18Z] semantic_scholar skipped (missing API key)
[2026-01-13T00:53:18Z] openalex query 'Erdos problem 379' ok (5 results)
[2026-01-13T00:53:18Z] crossref query 'Erdos problem 379' ok (5 results)
[2026-01-13T00:53:18Z] arxiv query 'Erdos problem 379' ok (5 results)
[2026-01-13T00:53:18Z] zbmath query 'Erdos problem 379' ok (5 results)
[2026-01-13T00:53:18Z] semantic_scholar skipped (missing API key)
[2026-01-13T01:32:03Z] openalex query 'Erdos Problem #379' ok (5 results)
[2026-01-13T01:32:03Z] crossref query 'Erdos Problem #379' ok (5 results)
[2026-01-13T01:32:03Z] arxiv query 'Erdos Problem #379' ok (5 results)
[2026-01-13T01:32:03Z] zbmath query 'Erdos Problem #379' ok (5 results)
[2026-01-13T01:32:03Z] semantic_scholar skipped (missing API key)
[2026-01-13T01:32:03Z] openalex query 'binomial coefficient denote depending divisible integer' ok (5 results)
[2026-01-13T01:32:03Z] crossref query 'binomial coefficient denote depending divisible integer' ok (5 results)
[2026-01-13T01:32:03Z] arxiv query 'binomial coefficient denote depending divisible integer' ok (5 results)
[2026-01-13T01:32:04Z] zbmath query 'binomial coefficient denote depending divisible integer' failed: HTTP Error 404: Not Found
[2026-01-13T01:32:04Z] semantic_scholar skipped (missing API key)
[2026-01-13T01:32:04Z] openalex query 'Erdos problem 379' ok (5 results)
[2026-01-13T01:32:04Z] crossref query 'Erdos problem 379' ok (5 results)
[2026-01-13T01:32:04Z] arxiv query 'Erdos problem 379' ok (5 results)
[2026-01-13T01:32:04Z] zbmath query 'Erdos problem 379' ok (5 results)
[2026-01-13T01:32:04Z] semantic_scholar skipped (missing API key)
[2026-01-13T02:09:39Z] openalex query 'Erdos Problem #379' ok (5 results)
[2026-01-13T02:09:39Z] crossref query 'Erdos Problem #379' ok (5 results)
[2026-01-13T02:09:39Z] arxiv query 'Erdos Problem #379' ok (5 results)
[2026-01-13T02:09:39Z] zbmath query 'Erdos Problem #379' ok (5 results)
[2026-01-13T02:09:39Z] semantic_scholar skipped (missing API key)
[2026-01-13T02:09:39Z] openalex query 'binomial coefficient denote depending divisible integer' ok (5 results)
[2026-01-13T02:09:39Z] crossref query 'binomial coefficient denote depending divisible integer' ok (5 results)
[2026-01-13T02:09:39Z] arxiv query 'binomial coefficient denote depending divisible integer' ok (5 results)
[2026-01-13T02:09:41Z] zbmath query 'binomial coefficient denote depending divisible integer' failed: HTTP Error 404: Not Found
[2026-01-13T02:09:41Z] semantic_scholar skipped (missing API key)
[2026-01-13T02:09:41Z] openalex query 'Erdos problem 379' ok (5 results)
[2026-01-13T02:09:41Z] crossref query 'Erdos problem 379' ok (5 results)
[2026-01-13T02:09:41Z] arxiv query 'Erdos problem 379' ok (5 results)
[2026-01-13T02:09:41Z] zbmath query 'Erdos problem 379' ok (5 results)
[2026-01-13T02:09:41Z] semantic_scholar skipped (missing API key)
